<?xml version="1.0" encoding="UTF-8"?>
<!-- Generated by org.testng.reporters.JUnitReportReporter -->
<testsuite name="FADRdemo.demo001.AppTest" tests="1" time="0.005" ignored="0" failures="0" timestamp="27 Nov 2020 12:57:37 GMT" skipped="0" hostname="MYTSP01807" errors="0">
  <testcase name="shouldAnswerWithTrue" time="0.005" classname="FADRdemo.demo001.AppTest"/>
</testsuite> <!-- FADRdemo.demo001.AppTest -->
